running develop
running egg_info
creating sensor.egg-info
writing sensor.egg-info/PKG-INFO
writing dependency_links to sensor.egg-info/dependency_links.txt
writing entry points to sensor.egg-info/entry_points.txt
writing requirements to sensor.egg-info/requires.txt
writing top-level names to sensor.egg-info/top_level.txt
writing manifest file 'sensor.egg-info/SOURCES.txt'
reading manifest file 'sensor.egg-info/SOURCES.txt'
writing manifest file 'sensor.egg-info/SOURCES.txt'
running build_ext
Creating /root/ros_ws/install/sensor/lib/python3.10/site-packages/sensor.egg-link (link to .)
Installing camera script to /root/ros_ws/install/sensor/lib/sensor
Installing ultrasonic script to /root/ros_ws/install/sensor/lib/sensor

Installed /root/ros_ws/build/sensor
running symlink_data
creating /root/ros_ws/install/sensor/share/ament_index
creating /root/ros_ws/install/sensor/share/ament_index/resource_index
creating /root/ros_ws/install/sensor/share/ament_index/resource_index/packages
symbolically linking /root/ros_ws/build/sensor/resource/sensor -> /root/ros_ws/install/sensor/share/ament_index/resource_index/packages
symbolically linking /root/ros_ws/build/sensor/package.xml -> /root/ros_ws/install/sensor/share/sensor
